<?xml version="1.0" encoding="UTF-8"?>
<testsuite xmlns:xsi="http://www.w3.org/2001/XMLSchema-instance" xsi:noNamespaceSchemaLocation="https://maven.apache.org/surefire/maven-surefire-plugin/xsd/surefire-test-report.xsd" name="com.newer.booking.BookingApplicationTests" time="4.368" tests="1" errors="0" skipped="0" failures="0">
  <properties>
    <property name="sun.desktop" value="windows"/>
    <property name="awt.toolkit" value="sun.awt.windows.WToolkit"/>
    <property name="file.encoding.pkg" value="sun.io"/>
    <property name="java.specification.version" value="1.8"/>
    <property name="sun.cpu.isalist" value="amd64"/>
    <property name="sun.jnu.encoding" value="GBK"/>
    <property name="java.class.path" value="C:\Users\82754\Desktop\works\booking\booking\target\test-classes;C:\Users\82754\Desktop\works\booking\booking\target\classes;C:\实习学习\repository\org\springframework\boot\spring-boot-starter-web\2.6.9\spring-boot-starter-web-2.6.9.jar;C:\实习学习\repository\org\springframework\boot\spring-boot-starter\2.6.9\spring-boot-starter-2.6.9.jar;C:\实习学习\repository\org\springframework\boot\spring-boot-starter-logging\2.6.9\spring-boot-starter-logging-2.6.9.jar;C:\实习学习\repository\ch\qos\logback\logback-classic\1.2.11\logback-classic-1.2.11.jar;C:\实习学习\repository\ch\qos\logback\logback-core\1.2.11\logback-core-1.2.11.jar;C:\实习学习\repository\org\apache\logging\log4j\log4j-to-slf4j\2.17.2\log4j-to-slf4j-2.17.2.jar;C:\实习学习\repository\org\apache\logging\log4j\log4j-api\2.17.2\log4j-api-2.17.2.jar;C:\实习学习\repository\org\slf4j\jul-to-slf4j\1.7.36\jul-to-slf4j-1.7.36.jar;C:\实习学习\repository\jakarta\annotation\jakarta.annotation-api\1.3.5\jakarta.annotation-api-1.3.5.jar;C:\实习学习\repository\org\yaml\snakeyaml\1.29\snakeyaml-1.29.jar;C:\实习学习\repository\org\springframework\boot\spring-boot-starter-json\2.6.9\spring-boot-starter-json-2.6.9.jar;C:\实习学习\repository\com\fasterxml\jackson\core\jackson-databind\2.13.3\jackson-databind-2.13.3.jar;C:\实习学习\repository\com\fasterxml\jackson\core\jackson-annotations\2.13.3\jackson-annotations-2.13.3.jar;C:\实习学习\repository\com\fasterxml\jackson\core\jackson-core\2.13.3\jackson-core-2.13.3.jar;C:\实习学习\repository\com\fasterxml\jackson\datatype\jackson-datatype-jdk8\2.13.3\jackson-datatype-jdk8-2.13.3.jar;C:\实习学习\repository\com\fasterxml\jackson\datatype\jackson-datatype-jsr310\2.13.3\jackson-datatype-jsr310-2.13.3.jar;C:\实习学习\repository\com\fasterxml\jackson\module\jackson-module-parameter-names\2.13.3\jackson-module-parameter-names-2.13.3.jar;C:\实习学习\repository\org\springframework\boot\spring-boot-starter-tomcat\2.6.9\spring-boot-starter-tomcat-2.6.9.jar;C:\实习学习\repository\org\apache\tomcat\embed\tomcat-embed-core\9.0.64\tomcat-embed-core-9.0.64.jar;C:\实习学习\repository\org\apache\tomcat\embed\tomcat-embed-el\9.0.64\tomcat-embed-el-9.0.64.jar;C:\实习学习\repository\org\apache\tomcat\embed\tomcat-embed-websocket\9.0.64\tomcat-embed-websocket-9.0.64.jar;C:\实习学习\repository\org\springframework\spring-web\5.3.21\spring-web-5.3.21.jar;C:\实习学习\repository\org\springframework\spring-beans\5.3.21\spring-beans-5.3.21.jar;C:\实习学习\repository\org\springframework\spring-webmvc\5.3.21\spring-webmvc-5.3.21.jar;C:\实习学习\repository\org\springframework\spring-aop\5.3.21\spring-aop-5.3.21.jar;C:\实习学习\repository\org\springframework\spring-context\5.3.21\spring-context-5.3.21.jar;C:\实习学习\repository\org\springframework\spring-expression\5.3.21\spring-expression-5.3.21.jar;C:\实习学习\repository\org\mybatis\spring\boot\mybatis-spring-boot-starter\2.2.2\mybatis-spring-boot-starter-2.2.2.jar;C:\实习学习\repository\org\springframework\boot\spring-boot-starter-jdbc\2.6.9\spring-boot-starter-jdbc-2.6.9.jar;C:\实习学习\repository\com\zaxxer\HikariCP\4.0.3\HikariCP-4.0.3.jar;C:\实习学习\repository\org\springframework\spring-jdbc\5.3.21\spring-jdbc-5.3.21.jar;C:\实习学习\repository\org\springframework\spring-tx\5.3.21\spring-tx-5.3.21.jar;C:\实习学习\repository\org\mybatis\spring\boot\mybatis-spring-boot-autoconfigure\2.2.2\mybatis-spring-boot-autoconfigure-2.2.2.jar;C:\实习学习\repository\org\mybatis\mybatis\3.5.9\mybatis-3.5.9.jar;C:\实习学习\repository\org\mybatis\mybatis-spring\2.0.7\mybatis-spring-2.0.7.jar;C:\实习学习\repository\org\springframework\boot\spring-boot-devtools\2.6.9\spring-boot-devtools-2.6.9.jar;C:\实习学习\repository\org\springframework\boot\spring-boot\2.6.9\spring-boot-2.6.9.jar;C:\实习学习\repository\org\springframework\boot\spring-boot-autoconfigure\2.6.9\spring-boot-autoconfigure-2.6.9.jar;C:\实习学习\repository\mysql\mysql-connector-java\8.0.29\mysql-connector-java-8.0.29.jar;C:\实习学习\repository\org\springframework\boot\spring-boot-starter-test\2.6.9\spring-boot-starter-test-2.6.9.jar;C:\实习学习\repository\org\springframework\boot\spring-boot-test\2.6.9\spring-boot-test-2.6.9.jar;C:\实习学习\repository\org\springframework\boot\spring-boot-test-autoconfigure\2.6.9\spring-boot-test-autoconfigure-2.6.9.jar;C:\实习学习\repository\com\jayway\jsonpath\json-path\2.6.0\json-path-2.6.0.jar;C:\实习学习\repository\net\minidev\json-smart\2.4.8\json-smart-2.4.8.jar;C:\实习学习\repository\net\minidev\accessors-smart\2.4.8\accessors-smart-2.4.8.jar;C:\实习学习\repository\org\ow2\asm\asm\9.1\asm-9.1.jar;C:\实习学习\repository\org\slf4j\slf4j-api\1.7.36\slf4j-api-1.7.36.jar;C:\实习学习\repository\jakarta\xml\bind\jakarta.xml.bind-api\2.3.3\jakarta.xml.bind-api-2.3.3.jar;C:\实习学习\repository\jakarta\activation\jakarta.activation-api\1.2.2\jakarta.activation-api-1.2.2.jar;C:\实习学习\repository\org\assertj\assertj-core\3.21.0\assertj-core-3.21.0.jar;C:\实习学习\repository\org\hamcrest\hamcrest\2.2\hamcrest-2.2.jar;C:\实习学习\repository\org\junit\jupiter\junit-jupiter\5.8.2\junit-jupiter-5.8.2.jar;C:\实习学习\repository\org\junit\jupiter\junit-jupiter-api\5.8.2\junit-jupiter-api-5.8.2.jar;C:\实习学习\repository\org\opentest4j\opentest4j\1.2.0\opentest4j-1.2.0.jar;C:\实习学习\repository\org\junit\platform\junit-platform-commons\1.8.2\junit-platform-commons-1.8.2.jar;C:\实习学习\repository\org\apiguardian\apiguardian-api\1.1.2\apiguardian-api-1.1.2.jar;C:\实习学习\repository\org\junit\jupiter\junit-jupiter-params\5.8.2\junit-jupiter-params-5.8.2.jar;C:\实习学习\repository\org\junit\jupiter\junit-jupiter-engine\5.8.2\junit-jupiter-engine-5.8.2.jar;C:\实习学习\repository\org\junit\platform\junit-platform-engine\1.8.2\junit-platform-engine-1.8.2.jar;C:\实习学习\repository\org\mockito\mockito-core\4.0.0\mockito-core-4.0.0.jar;C:\实习学习\repository\net\bytebuddy\byte-buddy\1.11.22\byte-buddy-1.11.22.jar;C:\实习学习\repository\net\bytebuddy\byte-buddy-agent\1.11.22\byte-buddy-agent-1.11.22.jar;C:\实习学习\repository\org\objenesis\objenesis\3.2\objenesis-3.2.jar;C:\实习学习\repository\org\mockito\mockito-junit-jupiter\4.0.0\mockito-junit-jupiter-4.0.0.jar;C:\实习学习\repository\org\skyscreamer\jsonassert\1.5.0\jsonassert-1.5.0.jar;C:\实习学习\repository\com\vaadin\external\google\android-json\0.0.20131108.vaadin1\android-json-0.0.20131108.vaadin1.jar;C:\实习学习\repository\org\springframework\spring-core\5.3.21\spring-core-5.3.21.jar;C:\实习学习\repository\org\springframework\spring-jcl\5.3.21\spring-jcl-5.3.21.jar;C:\实习学习\repository\org\springframework\spring-test\5.3.21\spring-test-5.3.21.jar;C:\实习学习\repository\org\xmlunit\xmlunit-core\2.8.4\xmlunit-core-2.8.4.jar;"/>
    <property name="java.vm.vendor" value="Oracle Corporation"/>
    <property name="sun.arch.data.model" value="64"/>
    <property name="user.variant" value=""/>
    <property name="java.vendor.url" value="http://java.oracle.com/"/>
    <property name="user.timezone" value="Asia/Shanghai"/>
    <property name="java.vm.specification.version" value="1.8"/>
    <property name="os.name" value="Windows 10"/>
    <property name="user.country" value="CN"/>
    <property name="sun.java.launcher" value="SUN_STANDARD"/>
    <property name="sun.boot.library.path" value="D:\jdk1.8\jre\bin"/>
    <property name="sun.java.command" value="C:\Users\82754\AppData\Local\Temp\surefire4428643678982167155\surefirebooter2228615500678487650.jar C:\Users\82754\AppData\Local\Temp\surefire4428643678982167155 2022-07-04T11-21-15_206-jvmRun1 surefire7312940405442115142tmp surefire_04819437508969709700tmp"/>
    <property name="surefire.test.class.path" value="C:\Users\82754\Desktop\works\booking\booking\target\test-classes;C:\Users\82754\Desktop\works\booking\booking\target\classes;C:\实习学习\repository\org\springframework\boot\spring-boot-starter-web\2.6.9\spring-boot-starter-web-2.6.9.jar;C:\实习学习\repository\org\springframework\boot\spring-boot-starter\2.6.9\spring-boot-starter-2.6.9.jar;C:\实习学习\repository\org\springframework\boot\spring-boot-starter-logging\2.6.9\spring-boot-starter-logging-2.6.9.jar;C:\实习学习\repository\ch\qos\logback\logback-classic\1.2.11\logback-classic-1.2.11.jar;C:\实习学习\repository\ch\qos\logback\logback-core\1.2.11\logback-core-1.2.11.jar;C:\实习学习\repository\org\apache\logging\log4j\log4j-to-slf4j\2.17.2\log4j-to-slf4j-2.17.2.jar;C:\实习学习\repository\org\apache\logging\log4j\log4j-api\2.17.2\log4j-api-2.17.2.jar;C:\实习学习\repository\org\slf4j\jul-to-slf4j\1.7.36\jul-to-slf4j-1.7.36.jar;C:\实习学习\repository\jakarta\annotation\jakarta.annotation-api\1.3.5\jakarta.annotation-api-1.3.5.jar;C:\实习学习\repository\org\yaml\snakeyaml\1.29\snakeyaml-1.29.jar;C:\实习学习\repository\org\springframework\boot\spring-boot-starter-json\2.6.9\spring-boot-starter-json-2.6.9.jar;C:\实习学习\repository\com\fasterxml\jackson\core\jackson-databind\2.13.3\jackson-databind-2.13.3.jar;C:\实习学习\repository\com\fasterxml\jackson\core\jackson-annotations\2.13.3\jackson-annotations-2.13.3.jar;C:\实习学习\repository\com\fasterxml\jackson\core\jackson-core\2.13.3\jackson-core-2.13.3.jar;C:\实习学习\repository\com\fasterxml\jackson\datatype\jackson-datatype-jdk8\2.13.3\jackson-datatype-jdk8-2.13.3.jar;C:\实习学习\repository\com\fasterxml\jackson\datatype\jackson-datatype-jsr310\2.13.3\jackson-datatype-jsr310-2.13.3.jar;C:\实习学习\repository\com\fasterxml\jackson\module\jackson-module-parameter-names\2.13.3\jackson-module-parameter-names-2.13.3.jar;C:\实习学习\repository\org\springframework\boot\spring-boot-starter-tomcat\2.6.9\spring-boot-starter-tomcat-2.6.9.jar;C:\实习学习\repository\org\apache\tomcat\embed\tomcat-embed-core\9.0.64\tomcat-embed-core-9.0.64.jar;C:\实习学习\repository\org\apache\tomcat\embed\tomcat-embed-el\9.0.64\tomcat-embed-el-9.0.64.jar;C:\实习学习\repository\org\apache\tomcat\embed\tomcat-embed-websocket\9.0.64\tomcat-embed-websocket-9.0.64.jar;C:\实习学习\repository\org\springframework\spring-web\5.3.21\spring-web-5.3.21.jar;C:\实习学习\repository\org\springframework\spring-beans\5.3.21\spring-beans-5.3.21.jar;C:\实习学习\repository\org\springframework\spring-webmvc\5.3.21\spring-webmvc-5.3.21.jar;C:\实习学习\repository\org\springframework\spring-aop\5.3.21\spring-aop-5.3.21.jar;C:\实习学习\repository\org\springframework\spring-context\5.3.21\spring-context-5.3.21.jar;C:\实习学习\repository\org\springframework\spring-expression\5.3.21\spring-expression-5.3.21.jar;C:\实习学习\repository\org\mybatis\spring\boot\mybatis-spring-boot-starter\2.2.2\mybatis-spring-boot-starter-2.2.2.jar;C:\实习学习\repository\org\springframework\boot\spring-boot-starter-jdbc\2.6.9\spring-boot-starter-jdbc-2.6.9.jar;C:\实习学习\repository\com\zaxxer\HikariCP\4.0.3\HikariCP-4.0.3.jar;C:\实习学习\repository\org\springframework\spring-jdbc\5.3.21\spring-jdbc-5.3.21.jar;C:\实习学习\repository\org\springframework\spring-tx\5.3.21\spring-tx-5.3.21.jar;C:\实习学习\repository\org\mybatis\spring\boot\mybatis-spring-boot-autoconfigure\2.2.2\mybatis-spring-boot-autoconfigure-2.2.2.jar;C:\实习学习\repository\org\mybatis\mybatis\3.5.9\mybatis-3.5.9.jar;C:\实习学习\repository\org\mybatis\mybatis-spring\2.0.7\mybatis-spring-2.0.7.jar;C:\实习学习\repository\org\springframework\boot\spring-boot-devtools\2.6.9\spring-boot-devtools-2.6.9.jar;C:\实习学习\repository\org\springframework\boot\spring-boot\2.6.9\spring-boot-2.6.9.jar;C:\实习学习\repository\org\springframework\boot\spring-boot-autoconfigure\2.6.9\spring-boot-autoconfigure-2.6.9.jar;C:\实习学习\repository\mysql\mysql-connector-java\8.0.29\mysql-connector-java-8.0.29.jar;C:\实习学习\repository\org\springframework\boot\spring-boot-starter-test\2.6.9\spring-boot-starter-test-2.6.9.jar;C:\实习学习\repository\org\springframework\boot\spring-boot-test\2.6.9\spring-boot-test-2.6.9.jar;C:\实习学习\repository\org\springframework\boot\spring-boot-test-autoconfigure\2.6.9\spring-boot-test-autoconfigure-2.6.9.jar;C:\实习学习\repository\com\jayway\jsonpath\json-path\2.6.0\json-path-2.6.0.jar;C:\实习学习\repository\net\minidev\json-smart\2.4.8\json-smart-2.4.8.jar;C:\实习学习\repository\net\minidev\accessors-smart\2.4.8\accessors-smart-2.4.8.jar;C:\实习学习\repository\org\ow2\asm\asm\9.1\asm-9.1.jar;C:\实习学习\repository\org\slf4j\slf4j-api\1.7.36\slf4j-api-1.7.36.jar;C:\实习学习\repository\jakarta\xml\bind\jakarta.xml.bind-api\2.3.3\jakarta.xml.bind-api-2.3.3.jar;C:\实习学习\repository\jakarta\activation\jakarta.activation-api\1.2.2\jakarta.activation-api-1.2.2.jar;C:\实习学习\repository\org\assertj\assertj-core\3.21.0\assertj-core-3.21.0.jar;C:\实习学习\repository\org\hamcrest\hamcrest\2.2\hamcrest-2.2.jar;C:\实习学习\repository\org\junit\jupiter\junit-jupiter\5.8.2\junit-jupiter-5.8.2.jar;C:\实习学习\repository\org\junit\jupiter\junit-jupiter-api\5.8.2\junit-jupiter-api-5.8.2.jar;C:\实习学习\repository\org\opentest4j\opentest4j\1.2.0\opentest4j-1.2.0.jar;C:\实习学习\repository\org\junit\platform\junit-platform-commons\1.8.2\junit-platform-commons-1.8.2.jar;C:\实习学习\repository\org\apiguardian\apiguardian-api\1.1.2\apiguardian-api-1.1.2.jar;C:\实习学习\repository\org\junit\jupiter\junit-jupiter-params\5.8.2\junit-jupiter-params-5.8.2.jar;C:\实习学习\repository\org\junit\jupiter\junit-jupiter-engine\5.8.2\junit-jupiter-engine-5.8.2.jar;C:\实习学习\repository\org\junit\platform\junit-platform-engine\1.8.2\junit-platform-engine-1.8.2.jar;C:\实习学习\repository\org\mockito\mockito-core\4.0.0\mockito-core-4.0.0.jar;C:\实习学习\repository\net\bytebuddy\byte-buddy\1.11.22\byte-buddy-1.11.22.jar;C:\实习学习\repository\net\bytebuddy\byte-buddy-agent\1.11.22\byte-buddy-agent-1.11.22.jar;C:\实习学习\repository\org\objenesis\objenesis\3.2\objenesis-3.2.jar;C:\实习学习\repository\org\mockito\mockito-junit-jupiter\4.0.0\mockito-junit-jupiter-4.0.0.jar;C:\实习学习\repository\org\skyscreamer\jsonassert\1.5.0\jsonassert-1.5.0.jar;C:\实习学习\repository\com\vaadin\external\google\android-json\0.0.20131108.vaadin1\android-json-0.0.20131108.vaadin1.jar;C:\实习学习\repository\org\springframework\spring-core\5.3.21\spring-core-5.3.21.jar;C:\实习学习\repository\org\springframework\spring-jcl\5.3.21\spring-jcl-5.3.21.jar;C:\实习学习\repository\org\springframework\spring-test\5.3.21\spring-test-5.3.21.jar;C:\实习学习\repository\org\xmlunit\xmlunit-core\2.8.4\xmlunit-core-2.8.4.jar;"/>
    <property name="sun.cpu.endian" value="little"/>
    <property name="user.home" value="C:\Users\82754"/>
    <property name="user.language" value="zh"/>
    <property name="java.specification.vendor" value="Oracle Corporation"/>
    <property name="java.home" value="D:\jdk1.8\jre"/>
    <property name="basedir" value="C:\Users\82754\Desktop\works\booking\booking"/>
    <property name="file.separator" value="\"/>
    <property name="line.separator" value="&#10;"/>
    <property name="java.vm.specification.vendor" value="Oracle Corporation"/>
    <property name="java.specification.name" value="Java Platform API Specification"/>
    <property name="java.awt.graphicsenv" value="sun.awt.Win32GraphicsEnvironment"/>
    <property name="surefire.real.class.path" value="C:\Users\82754\AppData\Local\Temp\surefire4428643678982167155\surefirebooter2228615500678487650.jar"/>
    <property name="sun.boot.class.path" value="D:\jdk1.8\jre\lib\resources.jar;D:\jdk1.8\jre\lib\rt.jar;D:\jdk1.8\jre\lib\sunrsasign.jar;D:\jdk1.8\jre\lib\jsse.jar;D:\jdk1.8\jre\lib\jce.jar;D:\jdk1.8\jre\lib\charsets.jar;D:\jdk1.8\jre\lib\jfr.jar;D:\jdk1.8\jre\classes"/>
    <property name="user.script" value=""/>
    <property name="sun.management.compiler" value="HotSpot 64-Bit Tiered Compilers"/>
    <property name="java.runtime.version" value="1.8.0_131-b11"/>
    <property name="user.name" value="82754"/>
    <property name="path.separator" value=";"/>
    <property name="os.version" value="10.0"/>
    <property name="java.endorsed.dirs" value="D:\jdk1.8\jre\lib\endorsed"/>
    <property name="java.runtime.name" value="Java(TM) SE Runtime Environment"/>
    <property name="file.encoding" value="GBK"/>
    <property name="java.vm.name" value="Java HotSpot(TM) 64-Bit Server VM"/>
    <property name="localRepository" value="C:\实习学习\repository"/>
    <property name="java.vendor.url.bug" value="http://bugreport.sun.com/bugreport/"/>
    <property name="java.io.tmpdir" value="C:\Users\82754\AppData\Local\Temp\"/>
    <property name="idea.version" value="2021.1.2"/>
    <property name="java.version" value="1.8.0_131"/>
    <property name="user.dir" value="C:\Users\82754\Desktop\works\booking\booking"/>
    <property name="os.arch" value="amd64"/>
    <property name="java.vm.specification.name" value="Java Virtual Machine Specification"/>
    <property name="java.awt.printerjob" value="sun.awt.windows.WPrinterJob"/>
    <property name="sun.os.patch.level" value=""/>
    <property name="java.library.path" value="D:\jdk1.8\jre\bin;C:\WINDOWS\Sun\Java\bin;C:\WINDOWS\system32;C:\WINDOWS;C:\Program Files (x86)\Common Files\NetSarang;D:\jdk1.8\bin;D:\app19c\WINDOWS.X64_193000_db_home\bin;C:\Program Files\Microsoft MPI\Bin\;C:\Program Files (x86)\Intel\Intel(R) Management Engine Components\iCLS\;C:\Program Files\Intel\Intel(R) Management Engine Components\iCLS\;C:\Windows\system32;C:\Windows;C:\Windows\System32\Wbem;C:\Windows\System32\WindowsPowerShell\v1.0\;C:\Program Files (x86)\Intel\Intel(R) Management Engine Components\DAL;C:\Program Files\Intel\Intel(R) Management Engine Components\DAL;C:\Program Files (x86)\Intel\Intel(R) Management Engine Components\IPT;C:\Program Files\Intel\Intel(R) Management Engine Components\IPT;C:\Program Files (x86)\NVIDIA Corporation\PhysX\Common;C:\Program Files\Intel\WiFi\bin\;C:\Program Files\Common Files\Intel\WirelessCommon\;C:\WINDOWS\system32;C:\WINDOWS;C:\WINDOWS\System32\Wbem;C:\WINDOWS\System32\WindowsPowerShell\v1.0\;C:\WINDOWS\System32\OpenSSH\;C:\ProgramData\Oracle\Java\javapath;D:\Program Files\apache-maven-3.8.1\bin;D:\Program F;D:\tools\hadoop\hadoop-2.6.5\bin;D:\Program Files\nodejs\;D:\Program Files\Git\cmd;C:\Users\82754\AppData\Local\Microsoft\WindowsApps;C:\Program Files\Azure Data Studio\bin;D:\Program Files\Microsoft VS Code\bin;D:\Program Files\nodejs\node_global;C:\Program Files\Bandizip\;C:\Users\82754\AppData\Local\Pandoc\;C:\Users\82754\AppData\Roaming\npm;."/>
    <property name="java.vm.info" value="mixed mode"/>
    <property name="java.vendor" value="Oracle Corporation"/>
    <property name="java.vm.version" value="25.131-b11"/>
    <property name="java.ext.dirs" value="D:\jdk1.8\jre\lib\ext;C:\WINDOWS\Sun\Java\lib\ext"/>
    <property name="sun.io.unicode.encoding" value="UnicodeLittle"/>
    <property name="maven.repo.local" value="C:\实习学习\repository"/>
    <property name="java.class.version" value="52.0"/>
  </properties>
  <testcase name="contextLoads" classname="com.newer.booking.BookingApplicationTests" time="0.26"/>
</testsuite>